<?xml version="1.0" encoding="UTF-8"?>
<testng-results ignored="0" total="5" passed="5" failed="0" skipped="0">
  <reporter-output>
  </reporter-output>
  <suite started-at="2022-07-21T16:49:10 IST" name="Default suite" finished-at="2022-07-21T16:50:42 IST" duration-ms="91919">
    <groups>
      <group name="cucumber">
        <method signature="AbstractTestNGCucumberTests.runScenario(io.cucumber.testng.PickleWrapper,io.cucumber.testng.FeatureWrapper)[pri:0, instance:Runner.TestRunner@3feb2dda]" name="runScenario" class="io.cucumber.testng.AbstractTestNGCucumberTests"/>
      </group> <!-- cucumber -->
    </groups>
    <test started-at="2022-07-21T16:49:10 IST" name="Default test" finished-at="2022-07-21T16:50:42 IST" duration-ms="91919">
      <class name="Runner.TestRunner">
        <test-method is-config="true" signature="setUpClass()[pri:0, instance:Runner.TestRunner@3feb2dda]" started-at="2022-07-21T16:49:11 IST" name="setUpClass" finished-at="2022-07-21T16:49:12 IST" duration-ms="1584" status="PASS">
          <reporter-output>
          </reporter-output>
        </test-method> <!-- setUpClass -->
        <test-method signature="runScenario(io.cucumber.testng.PickleWrapper,io.cucumber.testng.FeatureWrapper)[pri:0, instance:Runner.TestRunner@3feb2dda]" started-at="2022-07-21T16:49:12 IST" name="runScenario" description="Runs Cucumber Scenarios" data-provider="scenarios" finished-at="2022-07-21T16:49:52 IST" duration-ms="39584" status="PASS">
          <params>
            <param index="0">
              <value>
                <![CDATA["Basic Signup testing"]]>
              </value>
            </param>
            <param index="1">
              <value>
                <![CDATA["Optional[UI Automation Testing for the Sign Up Page]"]]>
              </value>
            </param>
          </params>
          <reporter-output>
          </reporter-output>
        </test-method> <!-- runScenario -->
        <test-method signature="runScenario(io.cucumber.testng.PickleWrapper,io.cucumber.testng.FeatureWrapper)[pri:0, instance:Runner.TestRunner@3feb2dda]" started-at="2022-07-21T16:49:52 IST" name="runScenario" description="Runs Cucumber Scenarios" data-provider="scenarios" finished-at="2022-07-21T16:50:02 IST" duration-ms="10023" status="PASS">
          <params>
            <param index="0">
              <value>
                <![CDATA["User Registration Testing"]]>
              </value>
            </param>
            <param index="1">
              <value>
                <![CDATA["Optional[UI Automation Testing for the Sign Up Page]"]]>
              </value>
            </param>
          </params>
          <reporter-output>
          </reporter-output>
        </test-method> <!-- runScenario -->
        <test-method signature="runScenario(io.cucumber.testng.PickleWrapper,io.cucumber.testng.FeatureWrapper)[pri:0, instance:Runner.TestRunner@3feb2dda]" started-at="2022-07-21T16:50:02 IST" name="runScenario" description="Runs Cucumber Scenarios" data-provider="scenarios" finished-at="2022-07-21T16:50:11 IST" duration-ms="9331" status="PASS">
          <params>
            <param index="0">
              <value>
                <![CDATA["Sign out button testing"]]>
              </value>
            </param>
            <param index="1">
              <value>
                <![CDATA["Optional[UI Automation Testing for the Sign Up Page]"]]>
              </value>
            </param>
          </params>
          <reporter-output>
          </reporter-output>
        </test-method> <!-- runScenario -->
        <test-method signature="runScenario(io.cucumber.testng.PickleWrapper,io.cucumber.testng.FeatureWrapper)[pri:0, instance:Runner.TestRunner@3feb2dda]" started-at="2022-07-21T16:50:11 IST" name="runScenario" description="Runs Cucumber Scenarios" data-provider="scenarios" finished-at="2022-07-21T16:50:24 IST" duration-ms="12886" status="PASS">
          <params>
            <param index="0">
              <value>
                <![CDATA["Forgot/Retrieve Password Testing"]]>
              </value>
            </param>
            <param index="1">
              <value>
                <![CDATA["Optional[UI Automation Testing for the Sign Up Page]"]]>
              </value>
            </param>
          </params>
          <reporter-output>
          </reporter-output>
        </test-method> <!-- runScenario -->
        <test-method signature="runScenario(io.cucumber.testng.PickleWrapper,io.cucumber.testng.FeatureWrapper)[pri:0, instance:Runner.TestRunner@3feb2dda]" started-at="2022-07-21T16:50:24 IST" name="runScenario" description="Runs Cucumber Scenarios" data-provider="scenarios" finished-at="2022-07-21T16:50:39 IST" duration-ms="15339" status="PASS">
          <params>
            <param index="0">
              <value>
                <![CDATA["Subscribe to Newsletter testing"]]>
              </value>
            </param>
            <param index="1">
              <value>
                <![CDATA["Optional[UI Automation Testing for the Sign Up Page]"]]>
              </value>
            </param>
          </params>
          <reporter-output>
          </reporter-output>
        </test-method> <!-- runScenario -->
        <test-method is-config="true" signature="tearDownClass()[pri:0, instance:Runner.TestRunner@3feb2dda]" started-at="2022-07-21T16:50:39 IST" name="tearDownClass" finished-at="2022-07-21T16:50:42 IST" duration-ms="3002" status="PASS">
          <reporter-output>
          </reporter-output>
        </test-method> <!-- tearDownClass -->
      </class> <!-- Runner.TestRunner -->
    </test> <!-- Default test -->
  </suite> <!-- Default suite -->
</testng-results>
