<?xml version="1.0" encoding="UTF-8"?>
<testng-results ignored="0" total="6" passed="6" failed="0" skipped="0">
  <reporter-output>
  </reporter-output>
  <suite started-at="2022-07-20T11:35:32 IST" name="Default suite" finished-at="2022-07-20T11:39:23 IST" duration-ms="230909">
    <groups>
      <group name="cucumber">
        <method signature="AbstractTestNGCucumberTests.runScenario(io.cucumber.testng.PickleWrapper,io.cucumber.testng.FeatureWrapper)[pri:0, instance:Runner.TestRunner@6e2829c7]" name="runScenario" class="io.cucumber.testng.AbstractTestNGCucumberTests"/>
      </group> <!-- cucumber -->
    </groups>
    <test started-at="2022-07-20T11:35:32 IST" name="Default test" finished-at="2022-07-20T11:39:23 IST" duration-ms="230909">
      <class name="Runner.TestRunner">
        <test-method is-config="true" signature="setUpClass()[pri:0, instance:Runner.TestRunner@6e2829c7]" started-at="2022-07-20T11:35:32 IST" name="setUpClass" finished-at="2022-07-20T11:35:34 IST" duration-ms="1616" status="PASS">
          <reporter-output>
          </reporter-output>
        </test-method> <!-- setUpClass -->
        <test-method signature="runScenario(io.cucumber.testng.PickleWrapper,io.cucumber.testng.FeatureWrapper)[pri:0, instance:Runner.TestRunner@6e2829c7]" started-at="2022-07-20T11:35:34 IST" name="runScenario" description="Runs Cucumber Scenarios" data-provider="scenarios" finished-at="2022-07-20T11:36:27 IST" duration-ms="52845" status="PASS">
          <params>
            <param index="0">
              <value>
                <![CDATA["Login Testing"]]>
              </value>
            </param>
            <param index="1">
              <value>
                <![CDATA["Optional[UI Automation Testing for the Homepage]"]]>
              </value>
            </param>
          </params>
          <reporter-output>
          </reporter-output>
        </test-method> <!-- runScenario -->
        <test-method signature="runScenario(io.cucumber.testng.PickleWrapper,io.cucumber.testng.FeatureWrapper)[pri:0, instance:Runner.TestRunner@6e2829c7]" started-at="2022-07-20T11:36:27 IST" name="runScenario" description="Runs Cucumber Scenarios" data-provider="scenarios" finished-at="2022-07-20T11:36:47 IST" duration-ms="20206" status="PASS">
          <params>
            <param index="0">
              <value>
                <![CDATA["Search query testing"]]>
              </value>
            </param>
            <param index="1">
              <value>
                <![CDATA["Optional[UI Automation Testing for the Homepage]"]]>
              </value>
            </param>
          </params>
          <reporter-output>
          </reporter-output>
        </test-method> <!-- runScenario -->
        <test-method signature="runScenario(io.cucumber.testng.PickleWrapper,io.cucumber.testng.FeatureWrapper)[pri:0, instance:Runner.TestRunner@6e2829c7]" started-at="2022-07-20T11:36:47 IST" name="runScenario" description="Runs Cucumber Scenarios" data-provider="scenarios" finished-at="2022-07-20T11:37:03 IST" duration-ms="16020" status="PASS">
          <params>
            <param index="0">
              <value>
                <![CDATA["Search query testing"]]>
              </value>
            </param>
            <param index="1">
              <value>
                <![CDATA["Optional[UI Automation Testing for the Homepage]"]]>
              </value>
            </param>
          </params>
          <reporter-output>
          </reporter-output>
        </test-method> <!-- runScenario -->
        <test-method signature="runScenario(io.cucumber.testng.PickleWrapper,io.cucumber.testng.FeatureWrapper)[pri:0, instance:Runner.TestRunner@6e2829c7]" started-at="2022-07-20T11:37:03 IST" name="runScenario" description="Runs Cucumber Scenarios" data-provider="scenarios" finished-at="2022-07-20T11:37:23 IST" duration-ms="20081" status="PASS">
          <params>
            <param index="0">
              <value>
                <![CDATA["Add product to cart testing"]]>
              </value>
            </param>
            <param index="1">
              <value>
                <![CDATA["Optional[UI Automation Testing for the Homepage]"]]>
              </value>
            </param>
          </params>
          <reporter-output>
          </reporter-output>
        </test-method> <!-- runScenario -->
        <test-method signature="runScenario(io.cucumber.testng.PickleWrapper,io.cucumber.testng.FeatureWrapper)[pri:0, instance:Runner.TestRunner@6e2829c7]" started-at="2022-07-20T11:37:23 IST" name="runScenario" description="Runs Cucumber Scenarios" data-provider="scenarios" finished-at="2022-07-20T11:38:38 IST" duration-ms="74781" status="PASS">
          <params>
            <param index="0">
              <value>
                <![CDATA["Order checkout testing"]]>
              </value>
            </param>
            <param index="1">
              <value>
                <![CDATA["Optional[UI Automation Testing for the Homepage]"]]>
              </value>
            </param>
          </params>
          <reporter-output>
          </reporter-output>
        </test-method> <!-- runScenario -->
        <test-method signature="runScenario(io.cucumber.testng.PickleWrapper,io.cucumber.testng.FeatureWrapper)[pri:0, instance:Runner.TestRunner@6e2829c7]" started-at="2022-07-20T11:38:38 IST" name="runScenario" description="Runs Cucumber Scenarios" data-provider="scenarios" finished-at="2022-07-20T11:39:15 IST" duration-ms="37164" status="PASS">
          <params>
            <param index="0">
              <value>
                <![CDATA["Contact us button testing"]]>
              </value>
            </param>
            <param index="1">
              <value>
                <![CDATA["Optional[UI Automation Testing for the Homepage]"]]>
              </value>
            </param>
          </params>
          <reporter-output>
          </reporter-output>
        </test-method> <!-- runScenario -->
        <test-method is-config="true" signature="tearDownClass()[pri:0, instance:Runner.TestRunner@6e2829c7]" started-at="2022-07-20T11:39:15 IST" name="tearDownClass" finished-at="2022-07-20T11:39:23 IST" duration-ms="8034" status="PASS">
          <reporter-output>
          </reporter-output>
        </test-method> <!-- tearDownClass -->
      </class> <!-- Runner.TestRunner -->
    </test> <!-- Default test -->
  </suite> <!-- Default suite -->
</testng-results>
